<?xml version="1.0" encoding="UTF-8"?>
<!-- Generated by org.testng.reporters.JUnitReportReporter -->
<testsuite hostname="DESKTOP-PU5T0NL" failures="0" tests="2" name="com.januarysixthrunner.RunnerTestSuit" time="0.152" errors="0" timestamp="17 Jan 2024 16:08:01 GMT" skipped="0">
  <testcase classname="com.januarysixthrunner.RunnerTestSuit" name="runScenario" time="0.016"/>
  <testcase classname="com.januarysixthrunner.RunnerTestSuit" name="runScenario" time="0.136"/>
</testsuite> <!-- com.januarysixthrunner.RunnerTestSuit -->
