<?xml version="1.0" encoding="UTF-8"?>
<!-- Generated by org.testng.reporters.JUnitReportReporter -->
<testsuite hostname="DESKTOP-PU5T0NL" failures="0" tests="1" name="com.januarysixthrunner.LogoutRunnerJanuarySixth" time="0.013" errors="0" timestamp="17 Jan 2024 16:18:46 GMT" skipped="0">
  <testcase classname="com.januarysixthrunner.LogoutRunnerJanuarySixth" name="runScenario" time="0.013"/>
</testsuite> <!-- com.januarysixthrunner.LogoutRunnerJanuarySixth -->
