<?xml version="1.0" encoding="UTF-8"?>
<!-- Generated by org.testng.reporters.JUnitReportReporter -->
<testsuite hostname="DESKTOP-PU5T0NL" failures="0" tests="1" name="com.januarysixthrunner.JanuarySixthRunner" time="0.120" errors="0" timestamp="17 Jan 2024 18:19:43 GMT" skipped="0">
  <testcase classname="com.januarysixthrunner.JanuarySixthRunner" name="runScenario" time="0.120"/>
</testsuite> <!-- com.januarysixthrunner.JanuarySixthRunner -->
